MIF/HEX Update report for Controller
Thu Apr 28 15:40:03 2016
Quartus II 64-Bit Version 13.0.0 Build 156 04/24/2013 SJ Full Version


---------------------
; Table of Contents ;
---------------------
  1. Legal Notice
  2. MIF/HEX Update Summary
  3. MIF/HEX Update Processed Files
  4. MIF/HEX Update Messages



----------------
; Legal Notice ;
----------------
Copyright (C) 1991-2013 Altera Corporation
Your use of Altera Corporation's design tools, logic functions 
and other software and tools, and its AMPP partner logic 
functions, and any output files from any of the foregoing 
(including device programming or simulation files), and any 
associated documentation or information are expressly subject 
to the terms and conditions of the Altera Program License 
Subscription Agreement, Altera MegaCore Function License 
Agreement, or other applicable license agreement, including, 
without limitation, that your use is for the sole purpose of 
programming logic devices manufactured by Altera and sold by 
Altera or its authorized distributors.  Please refer to the 
applicable agreement for further details.



+---------------------------------------------------------------+
; MIF/HEX Update Summary                                        ;
+-----------------------+---------------------------------------+
; MIF/HEX Update Status ; Successful - Thu Apr 28 15:40:03 2016 ;
; Revision Name         ; Controller                            ;
; Top-level Entity Name ; Controller                            ;
; Family                ; Stratix IV                            ;
; Device                ; EP4SGX230KF40C2                       ;
+-----------------------+---------------------------------------+


+---------------------------------------------------+
; MIF/HEX Update Processed Files                    ;
+---------------------------------------------------+
; File Name                                         ;
+---------------------------------------------------+
; Z:/Desktop/Trigger/ControlFPGA/chodprimitives.mif ;
; Z:/Desktop/Trigger/ControlFPGA/muvprimitives.mif  ;
+---------------------------------------------------+


+-------------------------+
; MIF/HEX Update Messages ;
+-------------------------+
Info: *******************************************************************
Info: Running Quartus II 64-Bit MIF/HEX Update
    Info: Version 13.0.0 Build 156 04/24/2013 SJ Full Version
    Info: Processing started: Thu Apr 28 15:39:42 2016
Info: Command: quartus_cdb Controller -c Controller --update_mif
Info (39024): Processed the following Memory Initialization File(s)
    Info (39025): Processed Memory Initialization File Z:/Desktop/Trigger/ControlFPGA/chodprimitives.mif
    Info (39025): Processed Memory Initialization File Z:/Desktop/Trigger/ControlFPGA/muvprimitives.mif
Info: Quartus II 64-Bit MIF/HEX Update was successful. 0 errors, 0 warnings
    Info: Peak virtual memory: 806 megabytes
    Info: Processing ended: Thu Apr 28 15:40:04 2016
    Info: Elapsed time: 00:00:22
    Info: Total CPU time (on all processors): 00:00:20


